<?xml version="1.0" encoding="UTF-8"?>
<!-- Generated by org.testng.reporters.JUnitReportReporter -->
<testsuite hostname="dnid0680l01.local" failures="0" tests="9" name="com.employeeapi.testCases.TC_001_GetAll_Employees" time="0.044" errors="0" timestamp="29 Apr 2020 04:13:38 GMT" skipped="0">
  <testcase classname="com.employeeapi.testCases.TC_001_GetAll_Employees" name="checkCookies" time="0.002"/>
  <testcase classname="com.employeeapi.testCases.TC_001_GetAll_Employees" name="checkStatusCode" time="0.001"/>
  <testcase classname="com.employeeapi.testCases.TC_001_GetAll_Employees" name="checkContentLength" time="0.002"/>
  <testcase classname="com.employeeapi.testCases.TC_001_GetAll_Employees" name="checkResponseBody" time="0.018"/>
  <testcase classname="com.employeeapi.testCases.TC_001_GetAll_Employees" name="checkContentEncoding" time="0.014"/>
  <testcase classname="com.employeeapi.testCases.TC_001_GetAll_Employees" name="checkServerType" time="0.001"/>
  <testcase classname="com.employeeapi.testCases.TC_001_GetAll_Employees" name="checkResponseTime" time="0.002"/>
  <testcase classname="com.employeeapi.testCases.TC_001_GetAll_Employees" name="checkStatusLine" time="0.002"/>
  <testcase classname="com.employeeapi.testCases.TC_001_GetAll_Employees" name="checkContentType" time="0.002"/>
</testsuite> <!-- com.employeeapi.testCases.TC_001_GetAll_Employees -->
